<?xml version="1.0" encoding="UTF-8" ?>
<testsuite failures="1" time="0" errors="0" skipped="0" tests="1" name="spitter.web.HomeControllerTest">
  <properties>
    <property name="java.runtime.name" value="Java(TM) SE Runtime Environment"/>
    <property name="sun.boot.library.path" value="C:\Users\Jinhu\MyEclipse Professional 2014\binary\com.sun.java.jdk7.win32.x86_1.7.0.u45\jre\bin"/>
    <property name="java.vm.version" value="24.45-b08"/>
    <property name="java.vm.vendor" value="Oracle Corporation"/>
    <property name="maven.multiModuleProjectDirectory" value="$M2_HOME"/>
    <property name="java.vendor.url" value="http://java.oracle.com/"/>
    <property name="path.separator" value=";"/>
    <property name="guice.disable.misplaced.annotation.check" value="true"/>
    <property name="java.vm.name" value="Java HotSpot(TM) Client VM"/>
    <property name="file.encoding.pkg" value="sun.io"/>
    <property name="user.script" value=""/>
    <property name="user.country" value="CN"/>
    <property name="sun.java.launcher" value="SUN_STANDARD"/>
    <property name="sun.os.patch.level" value=""/>
    <property name="java.vm.specification.name" value="Java Virtual Machine Specification"/>
    <property name="user.dir" value="D:\workspace\myeclipse\ssmt1"/>
    <property name="java.runtime.version" value="1.7.0_45-b18"/>
    <property name="java.awt.graphicsenv" value="sun.awt.Win32GraphicsEnvironment"/>
    <property name="java.endorsed.dirs" value="C:\Users\Jinhu\MyEclipse Professional 2014\binary\com.sun.java.jdk7.win32.x86_1.7.0.u45\jre\lib\endorsed"/>
    <property name="os.arch" value="x86"/>
    <property name="java.io.tmpdir" value="C:\Users\Jinhu\AppData\Local\Temp\"/>
    <property name="line.separator" value="
"/>
    <property name="java.vm.specification.vendor" value="Oracle Corporation"/>
    <property name="user.variant" value=""/>
    <property name="os.name" value="Windows 8"/>
    <property name="classworlds.conf" value="D:\workspace\myeclipse\.metadata\.plugins\org.eclipse.m2e.launching\launches\m2conf3834742163740943485.tmp"/>
    <property name="sun.jnu.encoding" value="GBK"/>
    <property name="java.library.path" value="C:\Users\Jinhu\MyEclipse Professional 2014\binary\com.sun.java.jdk7.win32.x86_1.7.0.u45\bin;C:\Windows\Sun\Java\bin;C:\Windows\system32;C:\Windows;C:\Users\Jinhu\MyEclipse Professional 2014\binary\com.sun.java.jdk7.win32.x86_1.7.0.u45\jre\bin;C:/Users/Jinhu/MyEclipse Professional 2014/binary/com.sun.java.jdk7.win32.x86_1.7.0.u45/jre/bin/client;C:/Users/Jinhu/MyEclipse Professional 2014/binary/com.sun.java.jdk7.win32.x86_1.7.0.u45/jre/bin;C:/Users/Jinhu/MyEclipse Professional 2014/binary/com.sun.java.jdk7.win32.x86_1.7.0.u45/jre/lib/i386;C:\Windows\system32;C:\Windows;C:\Windows\System32\Wbem;C:\Windows\System32\WindowsPowerShell\v1.0\;C:\Program Files (x86)\Java\jdk1.8.0_112\bin;C:\Program Files (x86)\Java\jdk1.8.0_112\jre\bin;D:\绿色工具\apache-maven-3.5.3\bin;C:\Users\Jinhu\AppData\Local\Microsoft\WindowsApps;;."/>
    <property name="java.specification.name" value="Java Platform API Specification"/>
    <property name="java.class.version" value="51.0"/>
    <property name="sun.management.compiler" value="HotSpot Client Compiler"/>
    <property name="os.version" value="6.2"/>
    <property name="user.home" value="C:\Users\Jinhu"/>
    <property name="user.timezone" value="Asia/Shanghai"/>
    <property name="java.awt.printerjob" value="sun.awt.windows.WPrinterJob"/>
    <property name="java.specification.version" value="1.7"/>
    <property name="file.encoding" value="GBK"/>
    <property name="user.name" value="Jinhu"/>
    <property name="java.class.path" value="D:\绿色工具\apache-maven-3.5.3\boot\plexus-classworlds-2.5.2.jar"/>
    <property name="java.vm.specification.version" value="1.7"/>
    <property name="sun.arch.data.model" value="32"/>
    <property name="java.home" value="C:\Users\Jinhu\MyEclipse Professional 2014\binary\com.sun.java.jdk7.win32.x86_1.7.0.u45\jre"/>
    <property name="sun.java.command" value="org.codehaus.classworlds.Launcher -B -s D:\绿色工具\apache-maven-3.5.3\conf\settings.xml install"/>
    <property name="java.specification.vendor" value="Oracle Corporation"/>
    <property name="user.language" value="zh"/>
    <property name="awt.toolkit" value="sun.awt.windows.WToolkit"/>
    <property name="java.vm.info" value="mixed mode"/>
    <property name="java.version" value="1.7.0_45"/>
    <property name="java.ext.dirs" value="C:\Users\Jinhu\MyEclipse Professional 2014\binary\com.sun.java.jdk7.win32.x86_1.7.0.u45\jre\lib\ext;C:\Windows\Sun\Java\lib\ext"/>
    <property name="sun.boot.class.path" value="C:\Users\Jinhu\MyEclipse Professional 2014\binary\com.sun.java.jdk7.win32.x86_1.7.0.u45\jre\lib\resources.jar;C:\Users\Jinhu\MyEclipse Professional 2014\binary\com.sun.java.jdk7.win32.x86_1.7.0.u45\jre\lib\rt.jar;C:\Users\Jinhu\MyEclipse Professional 2014\binary\com.sun.java.jdk7.win32.x86_1.7.0.u45\jre\lib\sunrsasign.jar;C:\Users\Jinhu\MyEclipse Professional 2014\binary\com.sun.java.jdk7.win32.x86_1.7.0.u45\jre\lib\jsse.jar;C:\Users\Jinhu\MyEclipse Professional 2014\binary\com.sun.java.jdk7.win32.x86_1.7.0.u45\jre\lib\jce.jar;C:\Users\Jinhu\MyEclipse Professional 2014\binary\com.sun.java.jdk7.win32.x86_1.7.0.u45\jre\lib\charsets.jar;C:\Users\Jinhu\MyEclipse Professional 2014\binary\com.sun.java.jdk7.win32.x86_1.7.0.u45\jre\lib\jfr.jar;C:\Users\Jinhu\MyEclipse Professional 2014\binary\com.sun.java.jdk7.win32.x86_1.7.0.u45\jre\classes"/>
    <property name="java.vendor" value="Oracle Corporation"/>
    <property name="maven.home" value="D:\绿色工具\apache-maven-3.5.3"/>
    <property name="file.separator" value="\"/>
    <property name="java.vendor.url.bug" value="http://bugreport.sun.com/bugreport/"/>
    <property name="maven.bootclasspath" value="D:\绿色工具\apache-maven-3.5.3\boot\plexus-classworlds-2.5.2.jar"/>
    <property name="sun.cpu.endian" value="little"/>
    <property name="sun.io.unicode.encoding" value="UnicodeLittle"/>
    <property name="sun.desktop" value="windows"/>
    <property name="sun.cpu.isalist" value="pentium_pro+mmx pentium_pro pentium+mmx pentium i486 i386 i86"/>
  </properties>
  <testcase time="0" classname="spitter.web.HomeControllerTest" name="spitter.web.HomeControllerTest.testHomePage">
    <failure message="org/junit/Assert" type="java.lang.NoClassDefFoundError">java.lang.NoClassDefFoundError: org/junit/Assert
	at spitter.web.HomeControllerTest.testHomePage(HomeControllerTest.java:11)
Caused by: java.lang.ClassNotFoundException: org.junit.Assert
	at java.net.URLClassLoader$1.run(URLClassLoader.java:366)
	at java.net.URLClassLoader$1.run(URLClassLoader.java:355)
	at java.security.AccessController.doPrivileged(Native Method)
	at java.net.URLClassLoader.findClass(URLClassLoader.java:354)
	at java.lang.ClassLoader.loadClass(ClassLoader.java:425)
	at sun.misc.Launcher$AppClassLoader.loadClass(Launcher.java:308)
	at java.lang.ClassLoader.loadClass(ClassLoader.java:358)
	... 19 more
</failure>
  </testcase>
</testsuite>